<?xml version="1.0" encoding="UTF-8"?>
<!-- Generated by org.testng.reporters.JUnitReportReporter -->
<testsuite skipped="0" hostname="user-PC" name="com.Maven.MyMaven3.Testing1" tests="1" failures="0" timestamp="19 Feb 2020 19:37:51 GMT" time="0.018" errors="0">
  <testcase name="test1" time="0.018" classname="com.Maven.MyMaven3.Testing1"/>
</testsuite> <!-- com.Maven.MyMaven3.Testing1 -->
